Analysis & Synthesis report for PRODIG_RPM
Sun Sep 29 21:15:55 2019
Quartus II 64-Bit Version 13.0.1 Build 232 06/12/2013 Service Pack 1 SJ Web Edition


---------------------
; Table of Contents ;
---------------------
  1. Legal Notice
  2. Analysis & Synthesis Summary
  3. Analysis & Synthesis Settings
  4. Parallel Compilation
  5. Analysis & Synthesis Source Files Read
  6. Analysis & Synthesis Resource Usage Summary
  7. Analysis & Synthesis Resource Utilization by Entity
  8. General Register Statistics
  9. Inverted Register Statistics
 10. Multiplexer Restructuring Statistics (Restructuring Performed)
 11. Parameter Settings for Inferred Entity Instance: lpm_divide:Div0
 12. Elapsed Time Per Partition
 13. Analysis & Synthesis Messages



----------------
; Legal Notice ;
----------------
Copyright (C) 1991-2013 Altera Corporation
Your use of Altera Corporation's design tools, logic functions 
and other software and tools, and its AMPP partner logic 
functions, and any output files from any of the foregoing 
(including device programming or simulation files), and any 
associated documentation or information are expressly subject 
to the terms and conditions of the Altera Program License 
Subscription Agreement, Altera MegaCore Function License 
Agreement, or other applicable license agreement, including, 
without limitation, that your use is for the sole purpose of 
programming logic devices manufactured by Altera and sold by 
Altera or its authorized distributors.  Please refer to the 
applicable agreement for further details.



+--------------------------------------------------------------------------------------+
; Analysis & Synthesis Summary                                                         ;
+------------------------------------+-------------------------------------------------+
; Analysis & Synthesis Status        ; Successful - Sun Sep 29 21:15:55 2019           ;
; Quartus II 64-Bit Version          ; 13.0.1 Build 232 06/12/2013 SP 1 SJ Web Edition ;
; Revision Name                      ; PRODIG_RPM                                      ;
; Top-level Entity Name              ; PRODIG_RPM                                      ;
; Family                             ; Cyclone II                                      ;
; Total logic elements               ; 566                                             ;
;     Total combinational functions  ; 551                                             ;
;     Dedicated logic registers      ; 56                                              ;
; Total registers                    ; 56                                              ;
; Total pins                         ; 86                                              ;
; Total virtual pins                 ; 0                                               ;
; Total memory bits                  ; 0                                               ;
; Embedded Multiplier 9-bit elements ; 0                                               ;
; Total PLLs                         ; 0                                               ;
+------------------------------------+-------------------------------------------------+


+----------------------------------------------------------------------------------------------------------------------+
; Analysis & Synthesis Settings                                                                                        ;
+----------------------------------------------------------------------------+--------------------+--------------------+
; Option                                                                     ; Setting            ; Default Value      ;
+----------------------------------------------------------------------------+--------------------+--------------------+
; Device                                                                     ; EP2C70F896C6       ;                    ;
; Top-level entity name                                                      ; PRODIG_RPM         ; PRODIG_RPM         ;
; Family name                                                                ; Cyclone II         ; Cyclone IV GX      ;
; Use smart compilation                                                      ; Off                ; Off                ;
; Enable parallel Assembler and TimeQuest Timing Analyzer during compilation ; On                 ; On                 ;
; Enable compact report table                                                ; Off                ; Off                ;
; Restructure Multiplexers                                                   ; Auto               ; Auto               ;
; Create Debugging Nodes for IP Cores                                        ; Off                ; Off                ;
; Preserve fewer node names                                                  ; On                 ; On                 ;
; Disable OpenCore Plus hardware evaluation                                  ; Off                ; Off                ;
; Verilog Version                                                            ; Verilog_2001       ; Verilog_2001       ;
; VHDL Version                                                               ; VHDL_1993          ; VHDL_1993          ;
; State Machine Processing                                                   ; Auto               ; Auto               ;
; Safe State Machine                                                         ; Off                ; Off                ;
; Extract Verilog State Machines                                             ; On                 ; On                 ;
; Extract VHDL State Machines                                                ; On                 ; On                 ;
; Ignore Verilog initial constructs                                          ; Off                ; Off                ;
; Iteration limit for constant Verilog loops                                 ; 5000               ; 5000               ;
; Iteration limit for non-constant Verilog loops                             ; 250                ; 250                ;
; Add Pass-Through Logic to Inferred RAMs                                    ; On                 ; On                 ;
; Infer RAMs from Raw Logic                                                  ; On                 ; On                 ;
; Parallel Synthesis                                                         ; On                 ; On                 ;
; DSP Block Balancing                                                        ; Auto               ; Auto               ;
; NOT Gate Push-Back                                                         ; On                 ; On                 ;
; Power-Up Don't Care                                                        ; On                 ; On                 ;
; Remove Redundant Logic Cells                                               ; Off                ; Off                ;
; Remove Duplicate Registers                                                 ; On                 ; On                 ;
; Ignore CARRY Buffers                                                       ; Off                ; Off                ;
; Ignore CASCADE Buffers                                                     ; Off                ; Off                ;
; Ignore GLOBAL Buffers                                                      ; Off                ; Off                ;
; Ignore ROW GLOBAL Buffers                                                  ; Off                ; Off                ;
; Ignore LCELL Buffers                                                       ; Off                ; Off                ;
; Ignore SOFT Buffers                                                        ; On                 ; On                 ;
; Limit AHDL Integers to 32 Bits                                             ; Off                ; Off                ;
; Optimization Technique                                                     ; Balanced           ; Balanced           ;
; Carry Chain Length                                                         ; 70                 ; 70                 ;
; Auto Carry Chains                                                          ; On                 ; On                 ;
; Auto Open-Drain Pins                                                       ; On                 ; On                 ;
; Perform WYSIWYG Primitive Resynthesis                                      ; Off                ; Off                ;
; Auto ROM Replacement                                                       ; On                 ; On                 ;
; Auto RAM Replacement                                                       ; On                 ; On                 ;
; Auto Shift Register Replacement                                            ; Auto               ; Auto               ;
; Allow Shift Register Merging across Hierarchies                            ; Auto               ; Auto               ;
; Auto Clock Enable Replacement                                              ; On                 ; On                 ;
; Strict RAM Replacement                                                     ; Off                ; Off                ;
; Allow Synchronous Control Signals                                          ; On                 ; On                 ;
; Force Use of Synchronous Clear Signals                                     ; Off                ; Off                ;
; Auto RAM to Logic Cell Conversion                                          ; Off                ; Off                ;
; Auto Resource Sharing                                                      ; Off                ; Off                ;
; Allow Any RAM Size For Recognition                                         ; Off                ; Off                ;
; Allow Any ROM Size For Recognition                                         ; Off                ; Off                ;
; Allow Any Shift Register Size For Recognition                              ; Off                ; Off                ;
; Use LogicLock Constraints during Resource Balancing                        ; On                 ; On                 ;
; Ignore translate_off and synthesis_off directives                          ; Off                ; Off                ;
; Timing-Driven Synthesis                                                    ; Off                ; Off                ;
; Report Parameter Settings                                                  ; On                 ; On                 ;
; Report Source Assignments                                                  ; On                 ; On                 ;
; Report Connectivity Checks                                                 ; On                 ; On                 ;
; Ignore Maximum Fan-Out Assignments                                         ; Off                ; Off                ;
; Synchronization Register Chain Length                                      ; 2                  ; 2                  ;
; PowerPlay Power Optimization                                               ; Normal compilation ; Normal compilation ;
; HDL message level                                                          ; Level2             ; Level2             ;
; Suppress Register Optimization Related Messages                            ; Off                ; Off                ;
; Number of Removed Registers Reported in Synthesis Report                   ; 5000               ; 5000               ;
; Number of Swept Nodes Reported in Synthesis Report                         ; 5000               ; 5000               ;
; Number of Inverted Registers Reported in Synthesis Report                  ; 100                ; 100                ;
; Clock MUX Protection                                                       ; On                 ; On                 ;
; Auto Gated Clock Conversion                                                ; Off                ; Off                ;
; Block Design Naming                                                        ; Auto               ; Auto               ;
; SDC constraint protection                                                  ; Off                ; Off                ;
; Synthesis Effort                                                           ; Auto               ; Auto               ;
; Shift Register Replacement - Allow Asynchronous Clear Signal               ; On                 ; On                 ;
; Pre-Mapping Resynthesis Optimization                                       ; Off                ; Off                ;
; Analysis & Synthesis Message Level                                         ; Medium             ; Medium             ;
; Disable Register Merging Across Hierarchies                                ; Auto               ; Auto               ;
; Resource Aware Inference For Block RAM                                     ; On                 ; On                 ;
; Synthesis Seed                                                             ; 1                  ; 1                  ;
+----------------------------------------------------------------------------+--------------------+--------------------+


Parallel compilation was disabled, but you have multiple processors available. Enable parallel compilation to reduce compilation time.
+-------------------------------------+
; Parallel Compilation                ;
+----------------------------+--------+
; Processors                 ; Number ;
+----------------------------+--------+
; Number detected on machine ; 8      ;
; Maximum allowed            ; 1      ;
+----------------------------+--------+


+--------------------------------------------------------------------------------------------------------------------------------------------------------------------------------+
; Analysis & Synthesis Source Files Read                                                                                                                                         ;
+----------------------------------+-----------------+------------------------------+----------------------------------------------------------------------------------+---------+
; File Name with User-Entered Path ; Used in Netlist ; File Type                    ; File Name with Absolute Path                                                     ; Library ;
+----------------------------------+-----------------+------------------------------+----------------------------------------------------------------------------------+---------+
; prescaler.vhd                    ; yes             ; User VHDL File               ; /mnt/OS/Git/PRODIG/prodig/prescaler.vhd                                          ;         ;
; RPM_counter.vhd                  ; yes             ; User VHDL File               ; /mnt/OS/Git/PRODIG/prodig/RPM_counter.vhd                                        ;         ;
; PRODIG_RPM.vhd                   ; yes             ; User VHDL File               ; /mnt/OS/Git/PRODIG/prodig/PRODIG_RPM.vhd                                         ;         ;
; prodig_7_seg_decoder.vhd         ; yes             ; User VHDL File               ; /mnt/OS/Git/PRODIG/prodig/prodig_7_seg_decoder.vhd                               ;         ;
; lpm_divide.tdf                   ; yes             ; Megafunction                 ; /home/bjornvr/altera/13.0sp1/quartus/libraries/megafunctions/lpm_divide.tdf      ;         ;
; abs_divider.inc                  ; yes             ; Megafunction                 ; /home/bjornvr/altera/13.0sp1/quartus/libraries/megafunctions/abs_divider.inc     ;         ;
; sign_div_unsign.inc              ; yes             ; Megafunction                 ; /home/bjornvr/altera/13.0sp1/quartus/libraries/megafunctions/sign_div_unsign.inc ;         ;
; aglobal130.inc                   ; yes             ; Megafunction                 ; /home/bjornvr/altera/13.0sp1/quartus/libraries/megafunctions/aglobal130.inc      ;         ;
; db/lpm_divide_ufm.tdf            ; yes             ; Auto-Generated Megafunction  ; /mnt/OS/Git/PRODIG/prodig/db/lpm_divide_ufm.tdf                                  ;         ;
; db/sign_div_unsign_8nh.tdf       ; yes             ; Auto-Generated Megafunction  ; /mnt/OS/Git/PRODIG/prodig/db/sign_div_unsign_8nh.tdf                             ;         ;
; db/alt_u_div_i5f.tdf             ; yes             ; Auto-Generated Megafunction  ; /mnt/OS/Git/PRODIG/prodig/db/alt_u_div_i5f.tdf                                   ;         ;
; db/add_sub_lkc.tdf               ; yes             ; Auto-Generated Megafunction  ; /mnt/OS/Git/PRODIG/prodig/db/add_sub_lkc.tdf                                     ;         ;
; db/add_sub_mkc.tdf               ; yes             ; Auto-Generated Megafunction  ; /mnt/OS/Git/PRODIG/prodig/db/add_sub_mkc.tdf                                     ;         ;
+----------------------------------+-----------------+------------------------------+----------------------------------------------------------------------------------+---------+


+-------------------------------------------------------------------+
; Analysis & Synthesis Resource Usage Summary                       ;
+---------------------------------------------+---------------------+
; Resource                                    ; Usage               ;
+---------------------------------------------+---------------------+
; Estimated Total logic elements              ; 566                 ;
;                                             ;                     ;
; Total combinational functions               ; 551                 ;
; Logic element usage by number of LUT inputs ;                     ;
;     -- 4 input functions                    ; 193                 ;
;     -- 3 input functions                    ; 271                 ;
;     -- <=2 input functions                  ; 87                  ;
;                                             ;                     ;
; Logic elements by mode                      ;                     ;
;     -- normal mode                          ; 321                 ;
;     -- arithmetic mode                      ; 230                 ;
;                                             ;                     ;
; Total registers                             ; 56                  ;
;     -- Dedicated logic registers            ; 56                  ;
;     -- I/O registers                        ; 0                   ;
;                                             ;                     ;
; I/O pins                                    ; 86                  ;
; Embedded Multiplier 9-bit elements          ; 0                   ;
; Maximum fan-out node                        ; prescaler:u1|clkint ;
; Maximum fan-out                             ; 45                  ;
; Total fan-out                               ; 1949                ;
; Average fan-out                             ; 2.81                ;
+---------------------------------------------+---------------------+


+---------------------------------------------------------------------------------------------------------------------------------------------------------------------------------------------------------------------------------------------------------------------------------+
; Analysis & Synthesis Resource Utilization by Entity                                                                                                                                                                                                                             ;
+----------------------------------------+-------------------+--------------+-------------+--------------+---------+-----------+------+--------------+-------------------------------------------------------------------------------------------------------------+--------------+
; Compilation Hierarchy Node             ; LC Combinationals ; LC Registers ; Memory Bits ; DSP Elements ; DSP 9x9 ; DSP 18x18 ; Pins ; Virtual Pins ; Full Hierarchy Name                                                                                         ; Library Name ;
+----------------------------------------+-------------------+--------------+-------------+--------------+---------+-----------+------+--------------+-------------------------------------------------------------------------------------------------------------+--------------+
; |PRODIG_RPM                            ; 551 (17)          ; 56 (0)       ; 0           ; 0            ; 0       ; 0         ; 86   ; 0            ; |PRODIG_RPM                                                                                                 ; work         ;
;    |lpm_divide:Div0|                   ; 414 (0)           ; 0 (0)        ; 0           ; 0            ; 0       ; 0         ; 0    ; 0            ; |PRODIG_RPM|lpm_divide:Div0                                                                                 ; work         ;
;       |lpm_divide_ufm:auto_generated|  ; 414 (0)           ; 0 (0)        ; 0           ; 0            ; 0       ; 0         ; 0    ; 0            ; |PRODIG_RPM|lpm_divide:Div0|lpm_divide_ufm:auto_generated                                                   ; work         ;
;          |sign_div_unsign_8nh:divider| ; 414 (0)           ; 0 (0)        ; 0           ; 0            ; 0       ; 0         ; 0    ; 0            ; |PRODIG_RPM|lpm_divide:Div0|lpm_divide_ufm:auto_generated|sign_div_unsign_8nh:divider                       ; work         ;
;             |alt_u_div_i5f:divider|    ; 414 (414)         ; 0 (0)        ; 0           ; 0            ; 0       ; 0         ; 0    ; 0            ; |PRODIG_RPM|lpm_divide:Div0|lpm_divide_ufm:auto_generated|sign_div_unsign_8nh:divider|alt_u_div_i5f:divider ; work         ;
;    |prescaler:u1|                      ; 21 (21)           ; 13 (13)      ; 0           ; 0            ; 0       ; 0         ; 0    ; 0            ; |PRODIG_RPM|prescaler:u1                                                                                    ; work         ;
;    |prodig_7_seg_decoder:u2|           ; 51 (51)           ; 0 (0)        ; 0           ; 0            ; 0       ; 0         ; 0    ; 0            ; |PRODIG_RPM|prodig_7_seg_decoder:u2                                                                         ; work         ;
;    |prodig_RPM_counter:u0|             ; 48 (48)           ; 43 (43)      ; 0           ; 0            ; 0       ; 0         ; 0    ; 0            ; |PRODIG_RPM|prodig_RPM_counter:u0                                                                           ; work         ;
+----------------------------------------+-------------------+--------------+-------------+--------------+---------+-----------+------+--------------+-------------------------------------------------------------------------------------------------------------+--------------+
Note: For table entries with two numbers listed, the numbers in parentheses indicate the number of resources of the given type used by the specific entity alone. The numbers listed outside of parentheses indicate the total resources of the given type used by the specific entity and all of its sub-entities in the hierarchy.


+------------------------------------------------------+
; General Register Statistics                          ;
+----------------------------------------------+-------+
; Statistic                                    ; Value ;
+----------------------------------------------+-------+
; Total registers                              ; 56    ;
; Number of registers using Synchronous Clear  ; 0     ;
; Number of registers using Synchronous Load   ; 16    ;
; Number of registers using Asynchronous Clear ; 29    ;
; Number of registers using Asynchronous Load  ; 0     ;
; Number of registers using Clock Enable       ; 20    ;
; Number of registers using Preset             ; 0     ;
+----------------------------------------------+-------+


+--------------------------------------------------+
; Inverted Register Statistics                     ;
+----------------------------------------+---------+
; Inverted Register                      ; Fan out ;
+----------------------------------------+---------+
; prodig_RPM_counter:u0|count[0]         ; 3       ;
; Total number of inverted registers = 1 ;         ;
+----------------------------------------+---------+


+--------------------------------------------------------------------------------------------------------------------------------------------------------------+
; Multiplexer Restructuring Statistics (Restructuring Performed)                                                                                               ;
+--------------------+-----------+---------------+----------------------+------------------------+------------+------------------------------------------------+
; Multiplexer Inputs ; Bus Width ; Baseline Area ; Area if Restructured ; Saving if Restructured ; Registered ; Example Multiplexer Output                     ;
+--------------------+-----------+---------------+----------------------+------------------------+------------+------------------------------------------------+
; 3:1                ; 15 bits   ; 30 LEs        ; 15 LEs               ; 15 LEs                 ; Yes        ; |PRODIG_RPM|prodig_RPM_counter:u0|count[9]     ;
; 3:1                ; 11 bits   ; 22 LEs        ; 11 LEs               ; 11 LEs                 ; Yes        ; |PRODIG_RPM|prodig_RPM_counter:u0|wait_time[4] ;
+--------------------+-----------+---------------+----------------------+------------------------+------------+------------------------------------------------+


+------------------------------------------------------------------+
; Parameter Settings for Inferred Entity Instance: lpm_divide:Div0 ;
+------------------------+----------------+------------------------+
; Parameter Name         ; Value          ; Type                   ;
+------------------------+----------------+------------------------+
; LPM_WIDTHN             ; 20             ; Untyped                ;
; LPM_WIDTHD             ; 16             ; Untyped                ;
; LPM_NREPRESENTATION    ; UNSIGNED       ; Untyped                ;
; LPM_DREPRESENTATION    ; UNSIGNED       ; Untyped                ;
; LPM_PIPELINE           ; 0              ; Untyped                ;
; LPM_REMAINDERPOSITIVE  ; TRUE           ; Untyped                ;
; MAXIMIZE_SPEED         ; 5              ; Untyped                ;
; CBXI_PARAMETER         ; lpm_divide_ufm ; Untyped                ;
; CARRY_CHAIN            ; MANUAL         ; Untyped                ;
; OPTIMIZE_FOR_SPEED     ; 5              ; Untyped                ;
; AUTO_CARRY_CHAINS      ; ON             ; AUTO_CARRY             ;
; IGNORE_CARRY_BUFFERS   ; OFF            ; IGNORE_CARRY           ;
; AUTO_CASCADE_CHAINS    ; ON             ; AUTO_CASCADE           ;
; IGNORE_CASCADE_BUFFERS ; OFF            ; IGNORE_CASCADE         ;
+------------------------+----------------+------------------------+
Note: In order to hide this table in the UI and the text report file, please set the "Show Parameter Settings in Synthesis Report" option in "Analysis and Synthesis Settings -> More Settings" to "Off".


+-------------------------------+
; Elapsed Time Per Partition    ;
+----------------+--------------+
; Partition Name ; Elapsed Time ;
+----------------+--------------+
; Top            ; 00:00:01     ;
+----------------+--------------+


+-------------------------------+
; Analysis & Synthesis Messages ;
+-------------------------------+
Info: *******************************************************************
Info: Running Quartus II 64-Bit Analysis & Synthesis
    Info: Version 13.0.1 Build 232 06/12/2013 Service Pack 1 SJ Web Edition
    Info: Processing started: Sun Sep 29 21:15:52 2019
Info: Command: quartus_map --read_settings_files=on --write_settings_files=off PRODIG_RPM -c PRODIG_RPM
Warning (20028): Parallel compilation is not licensed and has been disabled
Info (12021): Found 2 design units, including 1 entities, in source file tb_RPM_counter.vhd
    Info (12022): Found design unit 1: tb_RPM_counter-test
    Info (12023): Found entity 1: tb_RPM_counter
Info (12021): Found 2 design units, including 1 entities, in source file tb_PRODIG_RPM.vhd
    Info (12022): Found design unit 1: tb_PRODIG_RPM-test
    Info (12023): Found entity 1: tb_PRODIG_RPM
Info (12021): Found 2 design units, including 1 entities, in source file prescaler.vhd
    Info (12022): Found design unit 1: prescaler-behav
    Info (12023): Found entity 1: prescaler
Info (12021): Found 2 design units, including 1 entities, in source file RPM_counter.vhd
    Info (12022): Found design unit 1: prodig_RPM_counter-main
    Info (12023): Found entity 1: prodig_RPM_counter
Info (12021): Found 2 design units, including 1 entities, in source file PRODIG_RPM.vhd
    Info (12022): Found design unit 1: PRODIG_RPM-code
    Info (12023): Found entity 1: PRODIG_RPM
Info (12021): Found 2 design units, including 1 entities, in source file prodig_7_seg_decoder.vhd
    Info (12022): Found design unit 1: prodig_7_seg_decoder-rtl
    Info (12023): Found entity 1: prodig_7_seg_decoder
Info (12021): Found 2 design units, including 1 entities, in source file ontdender.vhd
    Info (12022): Found design unit 1: ontdender-arch
    Info (12023): Found entity 1: ontdender
Info (12127): Elaborating entity "PRODIG_RPM" for the top level hierarchy
Warning (10540): VHDL Signal Declaration warning at PRODIG_RPM.vhd(17): used explicit default value for signal "HEX3_D" because signal was never assigned a value
Warning (10540): VHDL Signal Declaration warning at PRODIG_RPM.vhd(18): used explicit default value for signal "HEX4_D" because signal was never assigned a value
Warning (10540): VHDL Signal Declaration warning at PRODIG_RPM.vhd(19): used explicit default value for signal "HEX5_D" because signal was never assigned a value
Warning (10540): VHDL Signal Declaration warning at PRODIG_RPM.vhd(20): used explicit default value for signal "HEX6_D" because signal was never assigned a value
Warning (10540): VHDL Signal Declaration warning at PRODIG_RPM.vhd(21): used explicit default value for signal "HEX7_D" because signal was never assigned a value
Warning (10540): VHDL Signal Declaration warning at PRODIG_RPM.vhd(22): used explicit default value for signal "HEX0_DP" because signal was never assigned a value
Warning (10540): VHDL Signal Declaration warning at PRODIG_RPM.vhd(23): used explicit default value for signal "HEX1_DP" because signal was never assigned a value
Warning (10540): VHDL Signal Declaration warning at PRODIG_RPM.vhd(24): used explicit default value for signal "HEX2_DP" because signal was never assigned a value
Warning (10540): VHDL Signal Declaration warning at PRODIG_RPM.vhd(25): used explicit default value for signal "HEX3_DP" because signal was never assigned a value
Warning (10540): VHDL Signal Declaration warning at PRODIG_RPM.vhd(26): used explicit default value for signal "HEX4_DP" because signal was never assigned a value
Warning (10540): VHDL Signal Declaration warning at PRODIG_RPM.vhd(27): used explicit default value for signal "HEX5_DP" because signal was never assigned a value
Warning (10540): VHDL Signal Declaration warning at PRODIG_RPM.vhd(28): used explicit default value for signal "HEX6_DP" because signal was never assigned a value
Warning (10540): VHDL Signal Declaration warning at PRODIG_RPM.vhd(29): used explicit default value for signal "HEX7_DP" because signal was never assigned a value
Warning (10492): VHDL Process Statement warning at PRODIG_RPM.vhd(93): signal "tix_mem" is read inside the Process Statement but isn't in the Process Statement's sensitivity list
Warning (10492): VHDL Process Statement warning at PRODIG_RPM.vhd(94): signal "rpm_mem2" is read inside the Process Statement but isn't in the Process Statement's sensitivity list
Warning (10492): VHDL Process Statement warning at PRODIG_RPM.vhd(95): signal "rpm_mem2" is read inside the Process Statement but isn't in the Process Statement's sensitivity list
Warning (10492): VHDL Process Statement warning at PRODIG_RPM.vhd(99): signal "tix_mem" is read inside the Process Statement but isn't in the Process Statement's sensitivity list
Info (12128): Elaborating entity "prodig_RPM_counter" for hierarchy "prodig_RPM_counter:u0"
Warning (10492): VHDL Process Statement warning at RPM_counter.vhd(25): signal "areset" is read inside the Process Statement but isn't in the Process Statement's sensitivity list
Info (12128): Elaborating entity "prescaler" for hierarchy "prescaler:u1"
Info (12128): Elaborating entity "prodig_7_seg_decoder" for hierarchy "prodig_7_seg_decoder:u2"
Info (278001): Inferred 1 megafunctions from design logic
    Info (278004): Inferred divider/modulo megafunction ("lpm_divide") from the following logic: "Div0"
Info (12130): Elaborated megafunction instantiation "lpm_divide:Div0"
Info (12133): Instantiated megafunction "lpm_divide:Div0" with the following parameter:
    Info (12134): Parameter "LPM_WIDTHN" = "20"
    Info (12134): Parameter "LPM_WIDTHD" = "16"
    Info (12134): Parameter "LPM_NREPRESENTATION" = "UNSIGNED"
    Info (12134): Parameter "LPM_DREPRESENTATION" = "UNSIGNED"
Info (12021): Found 1 design units, including 1 entities, in source file db/lpm_divide_ufm.tdf
    Info (12023): Found entity 1: lpm_divide_ufm
Info (12021): Found 1 design units, including 1 entities, in source file db/sign_div_unsign_8nh.tdf
    Info (12023): Found entity 1: sign_div_unsign_8nh
Info (12021): Found 1 design units, including 1 entities, in source file db/alt_u_div_i5f.tdf
    Info (12023): Found entity 1: alt_u_div_i5f
Info (12021): Found 1 design units, including 1 entities, in source file db/add_sub_lkc.tdf
    Info (12023): Found entity 1: add_sub_lkc
Info (12021): Found 1 design units, including 1 entities, in source file db/add_sub_mkc.tdf
    Info (12023): Found entity 1: add_sub_mkc
Warning (13024): Output pins are stuck at VCC or GND
    Warning (13410): Pin "HEX2_D[1]" is stuck at GND
    Warning (13410): Pin "HEX3_D[0]" is stuck at VCC
    Warning (13410): Pin "HEX3_D[1]" is stuck at VCC
    Warning (13410): Pin "HEX3_D[2]" is stuck at VCC
    Warning (13410): Pin "HEX3_D[3]" is stuck at VCC
    Warning (13410): Pin "HEX3_D[4]" is stuck at VCC
    Warning (13410): Pin "HEX3_D[5]" is stuck at VCC
    Warning (13410): Pin "HEX3_D[6]" is stuck at VCC
    Warning (13410): Pin "HEX4_D[0]" is stuck at VCC
    Warning (13410): Pin "HEX4_D[1]" is stuck at VCC
    Warning (13410): Pin "HEX4_D[2]" is stuck at VCC
    Warning (13410): Pin "HEX4_D[3]" is stuck at VCC
    Warning (13410): Pin "HEX4_D[4]" is stuck at VCC
    Warning (13410): Pin "HEX4_D[5]" is stuck at VCC
    Warning (13410): Pin "HEX4_D[6]" is stuck at VCC
    Warning (13410): Pin "HEX5_D[0]" is stuck at VCC
    Warning (13410): Pin "HEX5_D[1]" is stuck at VCC
    Warning (13410): Pin "HEX5_D[2]" is stuck at VCC
    Warning (13410): Pin "HEX5_D[3]" is stuck at VCC
    Warning (13410): Pin "HEX5_D[4]" is stuck at VCC
    Warning (13410): Pin "HEX5_D[5]" is stuck at VCC
    Warning (13410): Pin "HEX5_D[6]" is stuck at VCC
    Warning (13410): Pin "HEX6_D[0]" is stuck at VCC
    Warning (13410): Pin "HEX6_D[1]" is stuck at VCC
    Warning (13410): Pin "HEX6_D[2]" is stuck at VCC
    Warning (13410): Pin "HEX6_D[3]" is stuck at VCC
    Warning (13410): Pin "HEX6_D[4]" is stuck at VCC
    Warning (13410): Pin "HEX6_D[5]" is stuck at VCC
    Warning (13410): Pin "HEX6_D[6]" is stuck at VCC
    Warning (13410): Pin "HEX7_D[0]" is stuck at VCC
    Warning (13410): Pin "HEX7_D[1]" is stuck at VCC
    Warning (13410): Pin "HEX7_D[2]" is stuck at VCC
    Warning (13410): Pin "HEX7_D[3]" is stuck at VCC
    Warning (13410): Pin "HEX7_D[4]" is stuck at VCC
    Warning (13410): Pin "HEX7_D[5]" is stuck at VCC
    Warning (13410): Pin "HEX7_D[6]" is stuck at VCC
    Warning (13410): Pin "HEX0_DP" is stuck at VCC
    Warning (13410): Pin "HEX1_DP" is stuck at VCC
    Warning (13410): Pin "HEX2_DP" is stuck at VCC
    Warning (13410): Pin "HEX3_DP" is stuck at VCC
    Warning (13410): Pin "HEX4_DP" is stuck at VCC
    Warning (13410): Pin "HEX5_DP" is stuck at VCC
    Warning (13410): Pin "HEX6_DP" is stuck at VCC
    Warning (13410): Pin "HEX7_DP" is stuck at VCC
Info (16010): Generating hard_block partition "hard_block:auto_generated_inst"
    Info (16011): Adding 0 node(s), including 0 DDIO, 0 PLL, 0 transceiver and 0 LCELL
Info (21057): Implemented 652 device resources after synthesis - the final resource count might be different
    Info (21058): Implemented 3 input pins
    Info (21059): Implemented 83 output pins
    Info (21061): Implemented 566 logic cells
Info: Quartus II 64-Bit Analysis & Synthesis was successful. 0 errors, 64 warnings
    Info: Peak virtual memory: 655 megabytes
    Info: Processing ended: Sun Sep 29 21:15:55 2019
    Info: Elapsed time: 00:00:03
    Info: Total CPU time (on all processors): 00:00:03


